<?xml version="1.0" encoding="UTF-8"?>
<!-- Generated by org.testng.reporters.JUnitXMLReporter -->
<testsuite ignored="2" hostname="Guri_Badwal" failures="0" tests="1" name="Default test" time="18.62" errors="0" timestamp="2023-06-26T14:25:29 EDT">
  <testcase classname="com.nopcommerce.AutomationFramework2.Tests.DemoStoreTest" name="validateWindowSwitch" time="8.245"/>
  <testcase classname="com.nopcommerce.AutomationFramework2.Tests.DemoStoreTest" name="validateLoginWithPositiveCredential" time="0.0">
    <ignored/>
  </testcase> <!-- validateLoginWithPositiveCredential -->
  <testcase classname="com.nopcommerce.AutomationFramework2.Tests.DemoStoreTest" name="validateUserRegister" time="0.0">
    <ignored/>
  </testcase> <!-- validateUserRegister -->
</testsuite> <!-- Default test -->
