<?xml version="1.0" encoding="UTF-8"?>
<!-- Generated by org.testng.reporters.JUnitXMLReporter -->
<testsuite ignored="1" hostname="Guri_Badwal" failures="0" tests="1" name="Test(failed)" time="12.295" errors="0" timestamp="2023-06-22T08:12:20 EDT">
  <testcase classname="com.nopcommerce.AutomationFramework2.Tests.DemoStoreTest" name="validateUserRegister" time="3.65"/>
  <testcase classname="com.nopcommerce.AutomationFramework2.Tests.DemoStoreTest" name="validateLoginWithPositiveCredential" time="0.0">
    <ignored/>
  </testcase> <!-- validateLoginWithPositiveCredential -->
</testsuite> <!-- Test(failed) -->
